C:\USERS\CONRAD VERKLER\DOCUMENTS\15-462\PROJECT 4\P4OUT\MSVC\DEBUG\APPLICATION.OBJ
C:\USERS\CONRAD VERKLER\DOCUMENTS\15-462\PROJECT 4\P4OUT\MSVC\DEBUG\CAMERA.OBJ
C:\USERS\CONRAD VERKLER\DOCUMENTS\15-462\PROJECT 4\P4OUT\MSVC\DEBUG\CAMERA_ROAM.OBJ
C:\Users\Conrad Verkler\Documents\15-462\Project 4\p4out\msvc\Debug\cl.command.1.tlog
C:\Users\Conrad Verkler\Documents\15-462\Project 4\p4out\msvc\Debug\CL.read.1.tlog
C:\Users\Conrad Verkler\Documents\15-462\Project 4\p4out\msvc\Debug\CL.write.1.tlog
C:\USERS\CONRAD VERKLER\DOCUMENTS\15-462\PROJECT 4\P4OUT\MSVC\DEBUG\COLOR.OBJ
C:\USERS\CONRAD VERKLER\DOCUMENTS\15-462\PROJECT 4\P4OUT\MSVC\DEBUG\IMAGEIO.OBJ
C:\Users\Conrad Verkler\Documents\15-462\Project 4\p4out\msvc\Debug\link.4148.read.1.tlog
C:\Users\Conrad Verkler\Documents\15-462\Project 4\p4out\msvc\Debug\link.4148.write.1.tlog
C:\Users\Conrad Verkler\Documents\15-462\Project 4\p4out\msvc\Debug\link.4148-cvtres.read.1.tlog
C:\Users\Conrad Verkler\Documents\15-462\Project 4\p4out\msvc\Debug\link.4148-cvtres.write.1.tlog
C:\Users\Conrad Verkler\Documents\15-462\Project 4\p4out\msvc\Debug\link.5712.read.1.tlog
C:\Users\Conrad Verkler\Documents\15-462\Project 4\p4out\msvc\Debug\link.5712.write.1.tlog
C:\Users\Conrad Verkler\Documents\15-462\Project 4\p4out\msvc\Debug\link.5712-cvtres.read.1.tlog
C:\Users\Conrad Verkler\Documents\15-462\Project 4\p4out\msvc\Debug\link.5712-cvtres.write.1.tlog
C:\Users\Conrad Verkler\Documents\15-462\Project 4\p4out\msvc\Debug\link.7948.read.1.tlog
C:\Users\Conrad Verkler\Documents\15-462\Project 4\p4out\msvc\Debug\link.7948.write.1.tlog
C:\Users\Conrad Verkler\Documents\15-462\Project 4\p4out\msvc\Debug\link.7948-cvtres.read.1.tlog
C:\Users\Conrad Verkler\Documents\15-462\Project 4\p4out\msvc\Debug\link.7948-cvtres.write.1.tlog
C:\Users\Conrad Verkler\Documents\15-462\Project 4\p4out\msvc\Debug\link.command.1.tlog
C:\Users\Conrad Verkler\Documents\15-462\Project 4\p4out\msvc\Debug\link.read.1.tlog
C:\Users\Conrad Verkler\Documents\15-462\Project 4\p4out\msvc\Debug\link.write.1.tlog
C:\Users\Conrad Verkler\Documents\15-462\Project 4\p4out\msvc\Debug\link-cvtres.read.1.tlog
C:\Users\Conrad Verkler\Documents\15-462\Project 4\p4out\msvc\Debug\link-cvtres.write.1.tlog
C:\USERS\CONRAD VERKLER\DOCUMENTS\15-462\PROJECT 4\P4OUT\MSVC\DEBUG\MAIN.OBJ
C:\USERS\CONRAD VERKLER\DOCUMENTS\15-462\PROJECT 4\P4OUT\MSVC\DEBUG\MATERIAL.OBJ
C:\USERS\CONRAD VERKLER\DOCUMENTS\15-462\PROJECT 4\P4OUT\MSVC\DEBUG\MATRIX.OBJ
C:\USERS\CONRAD VERKLER\DOCUMENTS\15-462\PROJECT 4\P4OUT\MSVC\DEBUG\MESH.OBJ
C:\USERS\CONRAD VERKLER\DOCUMENTS\15-462\PROJECT 4\P4OUT\MSVC\DEBUG\MODEL.OBJ
C:\Users\Conrad Verkler\Documents\15-462\Project 4\p4out\msvc\Debug\mt.command.1.tlog
C:\Users\Conrad Verkler\Documents\15-462\Project 4\p4out\msvc\Debug\mt.read.1.tlog
C:\Users\Conrad Verkler\Documents\15-462\Project 4\p4out\msvc\Debug\mt.write.1.tlog
C:\USERS\CONRAD VERKLER\DOCUMENTS\15-462\PROJECT 4\P4OUT\MSVC\DEBUG\QUATERNION.OBJ
C:\USERS\CONRAD VERKLER\DOCUMENTS\15-462\PROJECT 4\P4OUT\MSVC\DEBUG\RAYTRACER.EXE
C:\USERS\CONRAD VERKLER\DOCUMENTS\15-462\PROJECT 4\P4OUT\MSVC\DEBUG\RAYTRACER.EXE.EMBED.MANIFEST
C:\USERS\CONRAD VERKLER\DOCUMENTS\15-462\PROJECT 4\P4OUT\MSVC\DEBUG\RAYTRACER.EXE.EMBED.MANIFEST.RES
C:\USERS\CONRAD VERKLER\DOCUMENTS\15-462\PROJECT 4\P4OUT\MSVC\DEBUG\RAYTRACER.EXE.INTERMEDIATE.MANIFEST
C:\USERS\CONRAD VERKLER\DOCUMENTS\15-462\PROJECT 4\P4OUT\MSVC\DEBUG\RAYTRACER.ILK
C:\USERS\CONRAD VERKLER\DOCUMENTS\15-462\PROJECT 4\P4OUT\MSVC\DEBUG\RAYTRACER.OBJ
C:\USERS\CONRAD VERKLER\DOCUMENTS\15-462\PROJECT 4\P4OUT\MSVC\DEBUG\RAYTRACER.PDB
C:\Users\Conrad Verkler\Documents\15-462\Project 4\p4out\msvc\Debug\raytracer_manifest.rc
C:\Users\Conrad Verkler\Documents\15-462\Project 4\p4out\msvc\Debug\rc.command.1.tlog
C:\Users\Conrad Verkler\Documents\15-462\Project 4\p4out\msvc\Debug\rc.read.1.tlog
C:\Users\Conrad Verkler\Documents\15-462\Project 4\p4out\msvc\Debug\rc.write.1.tlog
C:\USERS\CONRAD VERKLER\DOCUMENTS\15-462\PROJECT 4\P4OUT\MSVC\DEBUG\SCENE.OBJ
C:\USERS\CONRAD VERKLER\DOCUMENTS\15-462\PROJECT 4\P4OUT\MSVC\DEBUG\SCENE_LOADER.OBJ
C:\USERS\CONRAD VERKLER\DOCUMENTS\15-462\PROJECT 4\P4OUT\MSVC\DEBUG\SPHERE.OBJ
C:\USERS\CONRAD VERKLER\DOCUMENTS\15-462\PROJECT 4\P4OUT\MSVC\DEBUG\TINYXML.OBJ
C:\USERS\CONRAD VERKLER\DOCUMENTS\15-462\PROJECT 4\P4OUT\MSVC\DEBUG\TINYXMLERROR.OBJ
C:\USERS\CONRAD VERKLER\DOCUMENTS\15-462\PROJECT 4\P4OUT\MSVC\DEBUG\TINYXMLPARSER.OBJ
C:\USERS\CONRAD VERKLER\DOCUMENTS\15-462\PROJECT 4\P4OUT\MSVC\DEBUG\TRIANGLE.OBJ
C:\Users\Conrad Verkler\Documents\15-462\Project 4\p4out\msvc\Debug\vc100.idb
C:\USERS\CONRAD VERKLER\DOCUMENTS\15-462\PROJECT 4\P4OUT\MSVC\DEBUG\VC100.PDB
C:\USERS\CONRAD VERKLER\DOCUMENTS\15-462\PROJECT 4\P4OUT\MSVC\DEBUG\VECTOR.OBJ
