Build started 4/12/2012 04:20:25.
     1>Project "C:\Users\Conrad Verkler\Documents\15-462\Project 4\p4out\msvc\raytracer.vcxproj" on node 2 (build target(s)).
     1>InitializeBuildStatus:
         Creating "Debug\raytracer.unsuccessfulbuild" because "AlwaysCreate" was specified.
       ClCompile:
         C:\Program Files (x86)\Microsoft Visual Studio 10.0\VC\bin\CL.exe /c /I"C:\Users\Conrad Verkler\Documents\15-462\Project 4\p4out\msvc\include" /I"C:\Users\Conrad Verkler\Documents\15-462\Project 4\p4out\msvc\..\src" /ZI /nologo /W4 /WX- /Od /Oy- /D WIN32 /D _DEBUG /D _CONSOLE /D _CRT_SECURE_NO_WARNINGS /D _MBCS /Gm /EHsc /RTC1 /MDd /GS /fp:precise /Zc:wchar_t /Zc:forScope /Fo"Debug\\" /Fd"Debug\vc100.pdb" /Gd /TP /analyze- /errorReport:prompt ..\src\raytracer\raytracer.cpp
         raytracer.cpp
     1>c:\users\conrad verkler\documents\15-462\project 4\p4out\src\raytracer\raytracer.cpp(53): warning C4018: '<' : signed/unsigned mismatch
     1>c:\users\conrad verkler\documents\15-462\project 4\p4out\src\raytracer\raytracer.cpp(61): warning C4305: 'initializing' : truncation from 'double' to 'const float'
     1>c:\users\conrad verkler\documents\15-462\project 4\p4out\src\raytracer\raytracer.cpp(77): warning C4018: '<' : signed/unsigned mismatch
     1>c:\users\conrad verkler\documents\15-462\project 4\p4out\src\raytracer\raytracer.cpp(92): warning C4244: 'initializing' : conversion from '_462::real_t' to 'float', possible loss of data
     1>c:\users\conrad verkler\documents\15-462\project 4\p4out\src\raytracer\raytracer.cpp(100): warning C4244: '=' : conversion from 'const _462::real_t' to 'float', possible loss of data
     1>c:\users\conrad verkler\documents\15-462\project 4\p4out\src\raytracer\raytracer.cpp(104): warning C4244: '=' : conversion from 'const _462::real_t' to 'float', possible loss of data
     1>c:\users\conrad verkler\documents\15-462\project 4\p4out\src\raytracer\raytracer.cpp(107): warning C4244: '=' : conversion from '_462::real_t' to 'float', possible loss of data
     1>c:\users\conrad verkler\documents\15-462\project 4\p4out\src\raytracer\raytracer.cpp(142): warning C4018: '<' : signed/unsigned mismatch
     1>c:\users\conrad verkler\documents\15-462\project 4\p4out\src\raytracer\raytracer.cpp(147): warning C4244: 'initializing' : conversion from '_462::real_t' to 'float', possible loss of data
     1>c:\users\conrad verkler\documents\15-462\project 4\p4out\src\raytracer\raytracer.cpp(150): warning C4018: '<' : signed/unsigned mismatch
     1>c:\users\conrad verkler\documents\15-462\project 4\p4out\src\raytracer\raytracer.cpp(164): warning C4244: 'initializing' : conversion from '_462::real_t' to 'float', possible loss of data
     1>c:\users\conrad verkler\documents\15-462\project 4\p4out\src\raytracer\raytracer.cpp(215): warning C4244: 'initializing' : conversion from '_462::real_t' to 'float', possible loss of data
     1>c:\users\conrad verkler\documents\15-462\project 4\p4out\src\raytracer\raytracer.cpp(293): warning C4701: potentially uninitialized local variable 'is_done' used
       ManifestResourceCompile:
         All outputs are up-to-date.
       Link:
         C:\Program Files (x86)\Microsoft Visual Studio 10.0\VC\bin\link.exe /ERRORREPORT:PROMPT /OUT:"C:\Users\Conrad Verkler\Documents\15-462\Project 4\p4out\msvc\Debug\raytracer.exe" /INCREMENTAL /NOLOGO /LIBPATH:"C:\Users\Conrad Verkler\Documents\15-462\Project 4\p4out\msvc\lib" SDL.lib SDLmain.lib libpng.lib OpenGL32.lib glu32.lib kernel32.lib user32.lib gdi32.lib winspool.lib comdlg32.lib advapi32.lib shell32.lib ole32.lib oleaut32.lib uuid.lib odbc32.lib odbccp32.lib /MANIFEST /ManifestFile:"Debug\raytracer.exe.intermediate.manifest" /MANIFESTUAC:"level='asInvoker' uiAccess='false'" /DEBUG /PDB:"C:\Users\Conrad Verkler\Documents\15-462\Project 4\p4out\msvc\Debug\raytracer.pdb" /TLBID:1 /DYNAMICBASE /NXCOMPAT /IMPLIB:"C:\Users\Conrad Verkler\Documents\15-462\Project 4\p4out\msvc\Debug\raytracer.lib" /MACHINE:X86 Debug\raytracer.exe.embed.manifest.res
         Debug\application.obj
         Debug\camera_roam.obj
         Debug\imageio.obj
         Debug\scene_loader.obj
         Debug\material.obj
         Debug\mesh.obj
         Debug\model.obj
         Debug\scene.obj
         Debug\sphere.obj
         Debug\triangle.obj
         Debug\main.obj
         Debug\raytracer.obj
         Debug\camera.obj
         Debug\color.obj
         Debug\matrix.obj
         Debug\quaternion.obj
         Debug\vector.obj
         Debug\tinyxml.obj
         Debug\tinyxmlerror.obj
         Debug\tinyxmlparser.obj
       Manifest:
         C:\Program Files (x86)\Microsoft SDKs\Windows\v7.0A\bin\mt.exe /nologo /verbose /out:"Debug\raytracer.exe.embed.manifest" /manifest Debug\raytracer.exe.intermediate.manifest
         All outputs are up-to-date.
       LinkEmbedManifest:
         All outputs are up-to-date.
         raytracer.vcxproj -> C:\Users\Conrad Verkler\Documents\15-462\Project 4\p4out\msvc\Debug\raytracer.exe
       FinalizeBuildStatus:
         Deleting file "Debug\raytracer.unsuccessfulbuild".
         Touching "Debug\raytracer.lastbuildstate".
     1>Done Building Project "C:\Users\Conrad Verkler\Documents\15-462\Project 4\p4out\msvc\raytracer.vcxproj" (build target(s)).

Build succeeded.

Time Elapsed 00:00:01.75
